<?xml version="1.0" encoding="UTF-8"?>
<!-- Generated by org.testng.reporters.JUnitReportReporter -->
<testsuite hostname="DESKTOP-G87HA0I" failures="0" tests="2" name="testcases.LoginTest" time="5.051" errors="0" timestamp="2023-02-25T22:23:37 IST" skipped="0">
  <testcase classname="testcases.LoginTest" name="loginToApplication" time="2.515"/>
  <system-out/>
  <testcase classname="testcases.LoginTest" name="loginToApplication" time="2.536"/>
  <system-out/>
</testsuite> <!-- testcases.LoginTest -->
