<?xml version="1.0" encoding="UTF-8"?>
<!-- Generated by org.testng.reporters.JUnitReportReporter -->
<testsuite hostname="DESKTOP-G87HA0I" failures="0" tests="1" name="testcases.CreateCourse" time="4.993" errors="0" timestamp="2023-02-25T19:42:21 IST" skipped="0">
  <testcase classname="testcases.CreateCourse" name="loginToApplication" time="4.993"/>
  <system-out/>
</testsuite> <!-- testcases.CreateCourse -->
