<?xml version="1.0" encoding="UTF-8"?>
<!-- Generated by org.testng.reporters.JUnitReportReporter -->
<testsuite hostname="DESKTOP-G87HA0I" failures="0" tests="2" name="testcases.CreateCourse" time="9.013" errors="0" timestamp="2023-02-25T22:23:37 IST" skipped="0">
  <testcase classname="testcases.CreateCourse" name="loginToApplication" time="2.808"/>
  <system-out/>
  <testcase classname="testcases.CreateCourse" name="test2" time="6.205"/>
  <system-out/>
</testsuite> <!-- testcases.CreateCourse -->
