<?xml version="1.0" encoding="UTF-8"?>
<!-- Generated by org.testng.reporters.JUnitReportReporter -->
<testsuite hostname="DESKTOP-G87HA0I" failures="0" tests="2" name="testcases.LoginTest" time="6.356" errors="0" timestamp="2023-02-26T07:45:08 IST" skipped="0">
  <testcase classname="testcases.LoginTest" name="loginToApplication" time="2.949"/>
  <system-out/>
  <testcase classname="testcases.LoginTest" name="loginToApplication" time="3.407"/>
  <system-out/>
</testsuite> <!-- testcases.LoginTest -->
