<?xml version="1.0" encoding="UTF-8"?>
<!-- Generated by org.testng.reporters.JUnitReportReporter -->
<testsuite hostname="DESKTOP-G87HA0I" failures="0" tests="2" name="testcases.CreateCourse" time="9.994" errors="0" timestamp="2023-02-26T07:45:08 IST" skipped="0">
  <testcase classname="testcases.CreateCourse" name="loginToApplication" time="7.240"/>
  <system-out/>
  <testcase classname="testcases.CreateCourse" name="test2" time="2.754"/>
  <system-out/>
</testsuite> <!-- testcases.CreateCourse -->
